{"/Users/adefemioseni/Desktop/Autoshowroom/admins/dealer/src/features/workspace/billing/checkout-request.ts": {"path":"/Users/adefemioseni/Desktop/Autoshowroom/admins/dealer/src/features/workspace/billing/checkout-request.ts","all":true,"statementMap":{"3":{"start":{"line":4,"column":0},"end":{"line":4,"column":32}},"4":{"start":{"line":5,"column":0},"end":{"line":5,"column":17}},"5":{"start":{"line":6,"column":0},"end":{"line":6,"column":35}},"6":{"start":{"line":7,"column":0},"end":{"line":7,"column":24}},"7":{"start":{"line":8,"column":0},"end":{"line":8,"column":37}},"8":{"start":{"line":9,"column":0},"end":{"line":9,"column":1}}},"s":{"3":0,"4":0,"5":0,"6":0,"7":0,"8":0},"branchMap":{"0":{"type":"branch","line":1,"loc":{"start":{"line":1,"column":278},"end":{"line":9,"column":1}},"locations":[{"start":{"line":1,"column":278},"end":{"line":9,"column":1}}]}},"b":{"0":[1]},"fnMap":{"0":{"name":"(empty-report)","decl":{"start":{"line":1,"column":278},"end":{"line":9,"column":1}},"loc":{"start":{"line":1,"column":278},"end":{"line":9,"column":1}},"line":1}},"f":{"0":1}}
,"/Users/adefemioseni/Desktop/Autoshowroom/admins/dealer/src/features/workspace/billing/plan-comparison.ts": {"path":"/Users/adefemioseni/Desktop/Autoshowroom/admins/dealer/src/features/workspace/billing/plan-comparison.ts","all":false,"statementMap":{"26":{"start":{"line":27,"column":0},"end":{"line":27,"column":56}},"27":{"start":{"line":28,"column":0},"end":{"line":28,"column":18}},"28":{"start":{"line":29,"column":0},"end":{"line":29,"column":19}},"29":{"start":{"line":30,"column":0},"end":{"line":30,"column":24}},"30":{"start":{"line":31,"column":0},"end":{"line":31,"column":16}},"31":{"start":{"line":32,"column":0},"end":{"line":32,"column":24}},"32":{"start":{"line":33,"column":0},"end":{"line":33,"column":14}},"33":{"start":{"line":34,"column":0},"end":{"line":34,"column":23}},"34":{"start":{"line":35,"column":0},"end":{"line":35,"column":21}},"35":{"start":{"line":36,"column":0},"end":{"line":36,"column":19}},"36":{"start":{"line":37,"column":0},"end":{"line":37,"column":19}},"37":{"start":{"line":38,"column":0},"end":{"line":38,"column":19}},"38":{"start":{"line":39,"column":0},"end":{"line":39,"column":17}},"39":{"start":{"line":40,"column":0},"end":{"line":40,"column":31}},"40":{"start":{"line":41,"column":0},"end":{"line":41,"column":29}},"41":{"start":{"line":42,"column":0},"end":{"line":42,"column":30}},"42":{"start":{"line":43,"column":0},"end":{"line":43,"column":21}},"43":{"start":{"line":44,"column":0},"end":{"line":44,"column":2}},"45":{"start":{"line":46,"column":0},"end":{"line":46,"column":71}},"46":{"start":{"line":47,"column":0},"end":{"line":47,"column":33}},"47":{"start":{"line":48,"column":0},"end":{"line":48,"column":35}},"48":{"start":{"line":49,"column":0},"end":{"line":49,"column":55}},"49":{"start":{"line":50,"column":0},"end":{"line":50,"column":29}},"50":{"start":{"line":51,"column":0},"end":{"line":51,"column":45}},"51":{"start":{"line":52,"column":0},"end":{"line":52,"column":25}},"52":{"start":{"line":53,"column":0},"end":{"line":53,"column":43}},"53":{"start":{"line":54,"column":0},"end":{"line":54,"column":39}},"54":{"start":{"line":55,"column":0},"end":{"line":55,"column":35}},"55":{"start":{"line":56,"column":0},"end":{"line":56,"column":35}},"56":{"start":{"line":57,"column":0},"end":{"line":57,"column":35}},"57":{"start":{"line":58,"column":0},"end":{"line":58,"column":31}},"58":{"start":{"line":59,"column":0},"end":{"line":59,"column":59}},"59":{"start":{"line":60,"column":0},"end":{"line":60,"column":55}},"60":{"start":{"line":61,"column":0},"end":{"line":61,"column":57}},"61":{"start":{"line":62,"column":0},"end":{"line":62,"column":39}},"62":{"start":{"line":63,"column":0},"end":{"line":63,"column":2}},"64":{"start":{"line":65,"column":0},"end":{"line":65,"column":48}},"65":{"start":{"line":66,"column":0},"end":{"line":66,"column":19}},"66":{"start":{"line":67,"column":0},"end":{"line":67,"column":26}},"67":{"start":{"line":68,"column":0},"end":{"line":68,"column":16}},"68":{"start":{"line":69,"column":0},"end":{"line":69,"column":24}},"69":{"start":{"line":70,"column":0},"end":{"line":70,"column":3}},"71":{"start":{"line":72,"column":0},"end":{"line":72,"column":59}},"72":{"start":{"line":73,"column":0},"end":{"line":73,"column":35}},"73":{"start":{"line":74,"column":0},"end":{"line":74,"column":35}},"74":{"start":{"line":75,"column":0},"end":{"line":75,"column":35}},"75":{"start":{"line":76,"column":0},"end":{"line":76,"column":31}},"76":{"start":{"line":77,"column":0},"end":{"line":77,"column":43}},"77":{"start":{"line":78,"column":0},"end":{"line":78,"column":39}},"78":{"start":{"line":79,"column":0},"end":{"line":79,"column":47}},"79":{"start":{"line":80,"column":0},"end":{"line":80,"column":55}},"80":{"start":{"line":81,"column":0},"end":{"line":81,"column":57}},"81":{"start":{"line":82,"column":0},"end":{"line":82,"column":39}},"82":{"start":{"line":83,"column":0},"end":{"line":83,"column":35}},"83":{"start":{"line":84,"column":0},"end":{"line":84,"column":41}},"84":{"start":{"line":85,"column":0},"end":{"line":85,"column":49}},"85":{"start":{"line":86,"column":0},"end":{"line":86,"column":35}},"86":{"start":{"line":87,"column":0},"end":{"line":87,"column":33}},"87":{"start":{"line":88,"column":0},"end":{"line":88,"column":2}},"89":{"start":{"line":90,"column":0},"end":{"line":90,"column":60}},"90":{"start":{"line":91,"column":0},"end":{"line":91,"column":43}},"91":{"start":{"line":92,"column":0},"end":{"line":92,"column":39}},"92":{"start":{"line":93,"column":0},"end":{"line":93,"column":35}},"93":{"start":{"line":94,"column":0},"end":{"line":94,"column":35}},"94":{"start":{"line":95,"column":0},"end":{"line":95,"column":35}},"95":{"start":{"line":96,"column":0},"end":{"line":96,"column":31}},"96":{"start":{"line":97,"column":0},"end":{"line":97,"column":47}},"97":{"start":{"line":98,"column":0},"end":{"line":98,"column":55}},"98":{"start":{"line":99,"column":0},"end":{"line":99,"column":57}},"99":{"start":{"line":100,"column":0},"end":{"line":100,"column":39}},"100":{"start":{"line":101,"column":0},"end":{"line":101,"column":20}},"101":{"start":{"line":102,"column":0},"end":{"line":102,"column":21}},"102":{"start":{"line":103,"column":0},"end":{"line":103,"column":26}},"103":{"start":{"line":104,"column":0},"end":{"line":104,"column":18}},"104":{"start":{"line":105,"column":0},"end":{"line":105,"column":26}},"105":{"start":{"line":106,"column":0},"end":{"line":106,"column":16}},"106":{"start":{"line":107,"column":0},"end":{"line":107,"column":2}},"108":{"start":{"line":109,"column":0},"end":{"line":109,"column":27}},"109":{"start":{"line":110,"column":0},"end":{"line":110,"column":41}},"110":{"start":{"line":111,"column":0},"end":{"line":111,"column":43}},"112":{"start":{"line":113,"column":0},"end":{"line":113,"column":54}},"113":{"start":{"line":114,"column":0},"end":{"line":114,"column":62}},"114":{"start":{"line":115,"column":0},"end":{"line":115,"column":12}},"115":{"start":{"line":116,"column":0},"end":{"line":116,"column":15}},"116":{"start":{"line":117,"column":0},"end":{"line":117,"column":20}},"117":{"start":{"line":118,"column":0},"end":{"line":118,"column":64}},"118":{"start":{"line":119,"column":0},"end":{"line":119,"column":15}},"119":{"start":{"line":120,"column":0},"end":{"line":120,"column":1}},"121":{"start":{"line":122,"column":0},"end":{"line":122,"column":63}},"122":{"start":{"line":123,"column":0},"end":{"line":123,"column":44}},"123":{"start":{"line":124,"column":0},"end":{"line":124,"column":23}},"124":{"start":{"line":125,"column":0},"end":{"line":125,"column":1}},"126":{"start":{"line":127,"column":0},"end":{"line":127,"column":67}},"127":{"start":{"line":128,"column":0},"end":{"line":128,"column":50}},"128":{"start":{"line":129,"column":0},"end":{"line":129,"column":23}},"129":{"start":{"line":130,"column":0},"end":{"line":130,"column":1}},"131":{"start":{"line":132,"column":0},"end":{"line":132,"column":50}},"132":{"start":{"line":133,"column":0},"end":{"line":133,"column":44}},"133":{"start":{"line":134,"column":0},"end":{"line":134,"column":1}},"135":{"start":{"line":136,"column":0},"end":{"line":136,"column":62}},"136":{"start":{"line":137,"column":0},"end":{"line":137,"column":44}},"137":{"start":{"line":138,"column":0},"end":{"line":138,"column":1}},"139":{"start":{"line":140,"column":0},"end":{"line":140,"column":76}},"140":{"start":{"line":141,"column":0},"end":{"line":141,"column":18}},"141":{"start":{"line":142,"column":0},"end":{"line":142,"column":25}},"142":{"start":{"line":143,"column":0},"end":{"line":143,"column":43}},"143":{"start":{"line":144,"column":0},"end":{"line":144,"column":26}},"144":{"start":{"line":145,"column":0},"end":{"line":145,"column":49}},"145":{"start":{"line":146,"column":0},"end":{"line":146,"column":31}},"146":{"start":{"line":147,"column":0},"end":{"line":147,"column":56}},"147":{"start":{"line":148,"column":0},"end":{"line":148,"column":23}},"148":{"start":{"line":149,"column":0},"end":{"line":149,"column":43}},"149":{"start":{"line":150,"column":0},"end":{"line":150,"column":31}},"150":{"start":{"line":151,"column":0},"end":{"line":151,"column":50}},"151":{"start":{"line":152,"column":0},"end":{"line":152,"column":21}},"152":{"start":{"line":153,"column":0},"end":{"line":153,"column":57}},"153":{"start":{"line":154,"column":0},"end":{"line":154,"column":55}},"154":{"start":{"line":155,"column":0},"end":{"line":155,"column":21}},"155":{"start":{"line":156,"column":0},"end":{"line":156,"column":12}},"156":{"start":{"line":157,"column":0},"end":{"line":157,"column":55}},"157":{"start":{"line":158,"column":0},"end":{"line":158,"column":24}},"158":{"start":{"line":159,"column":0},"end":{"line":159,"column":18}},"159":{"start":{"line":160,"column":0},"end":{"line":160,"column":3}},"160":{"start":{"line":161,"column":0},"end":{"line":161,"column":1}},"162":{"start":{"line":163,"column":0},"end":{"line":163,"column":74}},"163":{"start":{"line":164,"column":0},"end":{"line":164,"column":44}},"164":{"start":{"line":165,"column":0},"end":{"line":165,"column":7}},"165":{"start":{"line":166,"column":0},"end":{"line":166,"column":37}},"166":{"start":{"line":167,"column":0},"end":{"line":167,"column":43}},"167":{"start":{"line":168,"column":0},"end":{"line":168,"column":45}},"168":{"start":{"line":169,"column":0},"end":{"line":169,"column":1}},"170":{"start":{"line":171,"column":0},"end":{"line":171,"column":81}},"171":{"start":{"line":172,"column":0},"end":{"line":172,"column":43}},"172":{"start":{"line":173,"column":0},"end":{"line":173,"column":19}},"173":{"start":{"line":174,"column":0},"end":{"line":174,"column":12}},"174":{"start":{"line":175,"column":0},"end":{"line":175,"column":41}},"175":{"start":{"line":176,"column":0},"end":{"line":176,"column":41}},"176":{"start":{"line":177,"column":0},"end":{"line":177,"column":47}},"177":{"start":{"line":178,"column":0},"end":{"line":178,"column":45}},"178":{"start":{"line":179,"column":0},"end":{"line":179,"column":4}},"179":{"start":{"line":180,"column":0},"end":{"line":180,"column":1}}},"s":{"26":1,"27":1,"28":1,"29":1,"30":1,"31":1,"32":1,"33":1,"34":1,"35":1,"36":1,"37":1,"38":1,"39":1,"40":1,"41":1,"42":1,"43":1,"45":1,"46":1,"47":1,"48":1,"49":1,"50":1,"51":1,"52":1,"53":1,"54":1,"55":1,"56":1,"57":1,"58":1,"59":1,"60":1,"61":1,"62":1,"64":1,"65":1,"66":1,"67":1,"68":1,"69":1,"71":1,"72":1,"73":1,"74":1,"75":1,"76":1,"77":1,"78":1,"79":1,"80":1,"81":1,"82":1,"83":1,"84":1,"85":1,"86":1,"87":1,"89":1,"90":1,"91":1,"92":1,"93":1,"94":1,"95":1,"96":1,"97":1,"98":1,"99":1,"100":1,"101":1,"102":1,"103":1,"104":1,"105":1,"106":1,"108":1,"109":1,"110":1,"112":1,"113":3,"114":1,"115":1,"116":1,"117":1,"118":1,"119":1,"121":16,"122":16,"123":14,"124":14,"126":8,"127":8,"128":4,"129":4,"131":16,"132":16,"133":16,"135":80,"136":80,"137":80,"139":128,"140":128,"141":128,"142":8,"143":128,"144":8,"145":128,"146":8,"147":128,"148":8,"149":128,"150":8,"151":128,"152":8,"153":8,"154":1,"155":128,"156":80,"157":52,"158":28,"159":128,"160":128,"162":1,"163":8,"164":128,"165":128,"166":128,"167":8,"168":8,"170":1,"171":3,"172":3,"173":3,"174":38,"175":37,"176":37,"177":37,"178":3,"179":3},"branchMap":{"0":{"type":"branch","line":113,"loc":{"start":{"line":113,"column":7},"end":{"line":120,"column":1}},"locations":[{"start":{"line":113,"column":7},"end":{"line":120,"column":1}}]},"1":{"type":"branch","line":114,"loc":{"start":{"line":114,"column":31},"end":{"line":114,"column":62}},"locations":[{"start":{"line":114,"column":31},"end":{"line":114,"column":62}}]},"2":{"type":"branch","line":114,"loc":{"start":{"line":114,"column":60},"end":{"line":120,"column":1}},"locations":[{"start":{"line":114,"column":60},"end":{"line":120,"column":1}}]},"3":{"type":"branch","line":118,"loc":{"start":{"line":118,"column":9},"end":{"line":118,"column":63}},"locations":[{"start":{"line":118,"column":9},"end":{"line":118,"column":63}}]},"4":{"type":"branch","line":122,"loc":{"start":{"line":122,"column":0},"end":{"line":125,"column":1}},"locations":[{"start":{"line":122,"column":0},"end":{"line":125,"column":1}}]},"5":{"type":"branch","line":123,"loc":{"start":{"line":123,"column":21},"end":{"line":123,"column":44}},"locations":[{"start":{"line":123,"column":21},"end":{"line":123,"column":44}}]},"6":{"type":"branch","line":123,"loc":{"start":{"line":123,"column":28},"end":{"line":125,"column":1}},"locations":[{"start":{"line":123,"column":28},"end":{"line":125,"column":1}}]},"7":{"type":"branch","line":127,"loc":{"start":{"line":127,"column":0},"end":{"line":130,"column":1}},"locations":[{"start":{"line":127,"column":0},"end":{"line":130,"column":1}}]},"8":{"type":"branch","line":128,"loc":{"start":{"line":128,"column":35},"end":{"line":130,"column":1}},"locations":[{"start":{"line":128,"column":35},"end":{"line":130,"column":1}}]},"9":{"type":"branch","line":132,"loc":{"start":{"line":132,"column":0},"end":{"line":134,"column":1}},"locations":[{"start":{"line":132,"column":0},"end":{"line":134,"column":1}}]},"10":{"type":"branch","line":133,"loc":{"start":{"line":133,"column":9},"end":{"line":133,"column":36}},"locations":[{"start":{"line":133,"column":9},"end":{"line":133,"column":36}}]},"11":{"type":"branch","line":133,"loc":{"start":{"line":133,"column":19},"end":{"line":133,"column":44}},"locations":[{"start":{"line":133,"column":19},"end":{"line":133,"column":44}}]},"12":{"type":"branch","line":136,"loc":{"start":{"line":136,"column":0},"end":{"line":138,"column":1}},"locations":[{"start":{"line":136,"column":0},"end":{"line":138,"column":1}}]},"13":{"type":"branch","line":140,"loc":{"start":{"line":140,"column":0},"end":{"line":161,"column":1}},"locations":[{"start":{"line":140,"column":0},"end":{"line":161,"column":1}}]},"14":{"type":"branch","line":142,"loc":{"start":{"line":142,"column":4},"end":{"line":143,"column":43}},"locations":[{"start":{"line":142,"column":4},"end":{"line":143,"column":43}}]},"15":{"type":"branch","line":144,"loc":{"start":{"line":144,"column":4},"end":{"line":145,"column":49}},"locations":[{"start":{"line":144,"column":4},"end":{"line":145,"column":49}}]},"16":{"type":"branch","line":145,"loc":{"start":{"line":145,"column":29},"end":{"line":145,"column":47}},"locations":[{"start":{"line":145,"column":29},"end":{"line":145,"column":47}}]},"17":{"type":"branch","line":146,"loc":{"start":{"line":146,"column":4},"end":{"line":147,"column":56}},"locations":[{"start":{"line":146,"column":4},"end":{"line":147,"column":56}}]},"18":{"type":"branch","line":148,"loc":{"start":{"line":148,"column":4},"end":{"line":149,"column":43}},"locations":[{"start":{"line":148,"column":4},"end":{"line":149,"column":43}}]},"19":{"type":"branch","line":150,"loc":{"start":{"line":150,"column":4},"end":{"line":151,"column":50}},"locations":[{"start":{"line":150,"column":4},"end":{"line":151,"column":50}}]},"20":{"type":"branch","line":152,"loc":{"start":{"line":152,"column":4},"end":{"line":155,"column":21}},"locations":[{"start":{"line":152,"column":4},"end":{"line":155,"column":21}}]},"21":{"type":"branch","line":153,"loc":{"start":{"line":153,"column":42},"end":{"line":154,"column":48}},"locations":[{"start":{"line":153,"column":42},"end":{"line":154,"column":48}}]},"22":{"type":"branch","line":153,"loc":{"start":{"line":153,"column":42},"end":{"line":153,"column":57}},"locations":[{"start":{"line":153,"column":42},"end":{"line":153,"column":57}}]},"23":{"type":"branch","line":154,"loc":{"start":{"line":154,"column":41},"end":{"line":154,"column":55}},"locations":[{"start":{"line":154,"column":41},"end":{"line":154,"column":55}}]},"24":{"type":"branch","line":154,"loc":{"start":{"line":154,"column":48},"end":{"line":155,"column":21}},"locations":[{"start":{"line":154,"column":48},"end":{"line":155,"column":21}}]},"25":{"type":"branch","line":156,"loc":{"start":{"line":156,"column":4},"end":{"line":159,"column":18}},"locations":[{"start":{"line":156,"column":4},"end":{"line":159,"column":18}}]},"26":{"type":"branch","line":157,"loc":{"start":{"line":157,"column":54},"end":{"line":158,"column":24}},"locations":[{"start":{"line":157,"column":54},"end":{"line":158,"column":24}}]},"27":{"type":"branch","line":158,"loc":{"start":{"line":158,"column":10},"end":{"line":159,"column":18}},"locations":[{"start":{"line":158,"column":10},"end":{"line":159,"column":18}}]},"28":{"type":"branch","line":163,"loc":{"start":{"line":163,"column":7},"end":{"line":169,"column":1}},"locations":[{"start":{"line":163,"column":7},"end":{"line":169,"column":1}}]},"29":{"type":"branch","line":164,"loc":{"start":{"line":164,"column":34},"end":{"line":168,"column":4}},"locations":[{"start":{"line":164,"column":34},"end":{"line":168,"column":4}}]},"30":{"type":"branch","line":168,"loc":{"start":{"line":168,"column":13},"end":{"line":168,"column":43}},"locations":[{"start":{"line":168,"column":13},"end":{"line":168,"column":43}}]},"31":{"type":"branch","line":171,"loc":{"start":{"line":171,"column":7},"end":{"line":180,"column":1}},"locations":[{"start":{"line":171,"column":7},"end":{"line":180,"column":1}}]},"32":{"type":"branch","line":174,"loc":{"start":{"line":174,"column":4},"end":{"line":178,"column":45}},"locations":[{"start":{"line":174,"column":4},"end":{"line":178,"column":45}}]},"33":{"type":"branch","line":175,"loc":{"start":{"line":175,"column":37},"end":{"line":176,"column":41}},"locations":[{"start":{"line":175,"column":37},"end":{"line":176,"column":41}}]},"34":{"type":"branch","line":176,"loc":{"start":{"line":176,"column":37},"end":{"line":177,"column":47}},"locations":[{"start":{"line":176,"column":37},"end":{"line":177,"column":47}}]},"35":{"type":"branch","line":177,"loc":{"start":{"line":177,"column":43},"end":{"line":178,"column":45}},"locations":[{"start":{"line":177,"column":43},"end":{"line":178,"column":45}}]}},"b":{"0":[3],"1":[2],"2":[1],"3":[3],"4":[16],"5":[2],"6":[14],"7":[8],"8":[4],"9":[16],"10":[8],"11":[8],"12":[80],"13":[128],"14":[8],"15":[8],"16":[1],"17":[8],"18":[8],"19":[8],"20":[8],"21":[5],"22":[3],"23":[4],"24":[1],"25":[80],"26":[52],"27":[28],"28":[8],"29":[128],"30":[128],"31":[3],"32":[38],"33":[37],"34":[37],"35":[37]},"fnMap":{"0":{"name":"featureKeyLabel","decl":{"start":{"line":113,"column":7},"end":{"line":120,"column":1}},"loc":{"start":{"line":113,"column":7},"end":{"line":120,"column":1}},"line":113},"1":{"name":"limitValue","decl":{"start":{"line":122,"column":0},"end":{"line":125,"column":1}},"loc":{"start":{"line":122,"column":0},"end":{"line":125,"column":1}},"line":122},"2":{"name":"quantityOrDash","decl":{"start":{"line":127,"column":0},"end":{"line":130,"column":1}},"loc":{"start":{"line":127,"column":0},"end":{"line":130,"column":1}},"line":127},"3":{"name":"booleanValue","decl":{"start":{"line":132,"column":0},"end":{"line":134,"column":1}},"loc":{"start":{"line":132,"column":0},"end":{"line":134,"column":1}},"line":132},"4":{"name":"hasFeature","decl":{"start":{"line":136,"column":0},"end":{"line":138,"column":1}},"loc":{"start":{"line":136,"column":0},"end":{"line":138,"column":1}},"line":136},"5":{"name":"comparisonValueForRow","decl":{"start":{"line":140,"column":0},"end":{"line":161,"column":1}},"loc":{"start":{"line":140,"column":0},"end":{"line":161,"column":1}},"line":140},"6":{"name":"buildPlanComparisonRows","decl":{"start":{"line":163,"column":7},"end":{"line":169,"column":1}},"loc":{"start":{"line":163,"column":7},"end":{"line":169,"column":1}},"line":163},"7":{"name":"comparisonRowsExposeRawKeys","decl":{"start":{"line":171,"column":7},"end":{"line":180,"column":1}},"loc":{"start":{"line":171,"column":7},"end":{"line":180,"column":1}},"line":171}},"f":{"0":3,"1":16,"2":8,"3":16,"4":80,"5":128,"6":8,"7":3}}
,"/Users/adefemioseni/Desktop/Autoshowroom/admins/dealer/src/features/workspace/billing/plan-dialog-copy.ts": {"path":"/Users/adefemioseni/Desktop/Autoshowroom/admins/dealer/src/features/workspace/billing/plan-dialog-copy.ts","all":true,"statementMap":{"0":{"start":{"line":1,"column":0},"end":{"line":1,"column":68}},"2":{"start":{"line":3,"column":0},"end":{"line":3,"column":76}},"4":{"start":{"line":5,"column":0},"end":{"line":5,"column":50}},"7":{"start":{"line":8,"column":0},"end":{"line":8,"column":19}},"8":{"start":{"line":9,"column":0},"end":{"line":9,"column":39}},"9":{"start":{"line":10,"column":0},"end":{"line":10,"column":39}},"10":{"start":{"line":11,"column":0},"end":{"line":11,"column":145}},"11":{"start":{"line":12,"column":0},"end":{"line":12,"column":1}}},"s":{"0":0,"2":0,"4":0,"7":0,"8":0,"9":0,"10":0,"11":0},"branchMap":{"0":{"type":"branch","line":1,"loc":{"start":{"line":1,"column":491},"end":{"line":12,"column":1}},"locations":[{"start":{"line":1,"column":491},"end":{"line":12,"column":1}}]}},"b":{"0":[0]},"fnMap":{"0":{"name":"(empty-report)","decl":{"start":{"line":1,"column":491},"end":{"line":12,"column":1}},"loc":{"start":{"line":1,"column":491},"end":{"line":12,"column":1}},"line":1}},"f":{"0":0}}
,"/Users/adefemioseni/Desktop/Autoshowroom/admins/dealer/src/features/workspace/billing/plan-pricing.ts": {"path":"/Users/adefemioseni/Desktop/Autoshowroom/admins/dealer/src/features/workspace/billing/plan-pricing.ts","all":false,"statementMap":{"7":{"start":{"line":8,"column":0},"end":{"line":8,"column":69}},"9":{"start":{"line":10,"column":0},"end":{"line":10,"column":37}},"10":{"start":{"line":11,"column":0},"end":{"line":11,"column":13}},"11":{"start":{"line":12,"column":0},"end":{"line":12,"column":28}},"12":{"start":{"line":13,"column":0},"end":{"line":13,"column":11}},"13":{"start":{"line":14,"column":0},"end":{"line":14,"column":30}},"14":{"start":{"line":15,"column":0},"end":{"line":15,"column":52}},"15":{"start":{"line":16,"column":0},"end":{"line":16,"column":3}},"16":{"start":{"line":17,"column":0},"end":{"line":17,"column":23}},"17":{"start":{"line":18,"column":0},"end":{"line":18,"column":1}},"19":{"start":{"line":20,"column":0},"end":{"line":20,"column":64}},"20":{"start":{"line":21,"column":0},"end":{"line":21,"column":47}},"21":{"start":{"line":22,"column":0},"end":{"line":22,"column":1}},"23":{"start":{"line":24,"column":0},"end":{"line":24,"column":61}},"24":{"start":{"line":25,"column":0},"end":{"line":25,"column":64}},"25":{"start":{"line":26,"column":0},"end":{"line":26,"column":1}},"27":{"start":{"line":28,"column":0},"end":{"line":28,"column":36}},"28":{"start":{"line":29,"column":0},"end":{"line":29,"column":13}},"29":{"start":{"line":30,"column":0},"end":{"line":30,"column":28}},"30":{"start":{"line":31,"column":0},"end":{"line":31,"column":21}},"31":{"start":{"line":32,"column":0},"end":{"line":32,"column":47}},"32":{"start":{"line":33,"column":0},"end":{"line":33,"column":21}},"33":{"start":{"line":34,"column":0},"end":{"line":34,"column":11}},"34":{"start":{"line":35,"column":0},"end":{"line":35,"column":59}},"35":{"start":{"line":36,"column":0},"end":{"line":36,"column":34}},"36":{"start":{"line":37,"column":0},"end":{"line":37,"column":56}},"37":{"start":{"line":38,"column":0},"end":{"line":38,"column":8}},"39":{"start":{"line":40,"column":0},"end":{"line":40,"column":6}},"40":{"start":{"line":41,"column":0},"end":{"line":41,"column":33}},"41":{"start":{"line":42,"column":0},"end":{"line":42,"column":32}},"42":{"start":{"line":43,"column":0},"end":{"line":43,"column":23}},"43":{"start":{"line":44,"column":0},"end":{"line":44,"column":32}},"44":{"start":{"line":45,"column":0},"end":{"line":45,"column":5}},"45":{"start":{"line":46,"column":0},"end":{"line":46,"column":51}},"46":{"start":{"line":47,"column":0},"end":{"line":47,"column":3}},"48":{"start":{"line":49,"column":0},"end":{"line":49,"column":21}},"49":{"start":{"line":50,"column":0},"end":{"line":50,"column":1}},"51":{"start":{"line":52,"column":0},"end":{"line":52,"column":30}},"52":{"start":{"line":53,"column":0},"end":{"line":53,"column":13}},"53":{"start":{"line":54,"column":0},"end":{"line":54,"column":28}},"54":{"start":{"line":55,"column":0},"end":{"line":55,"column":21}},"55":{"start":{"line":56,"column":0},"end":{"line":56,"column":47}},"56":{"start":{"line":57,"column":0},"end":{"line":57,"column":12}},"57":{"start":{"line":58,"column":0},"end":{"line":58,"column":34}},"58":{"start":{"line":59,"column":0},"end":{"line":59,"column":56}},"59":{"start":{"line":60,"column":0},"end":{"line":60,"column":8}},"60":{"start":{"line":61,"column":0},"end":{"line":61,"column":61}},"61":{"start":{"line":62,"column":0},"end":{"line":62,"column":1}},"63":{"start":{"line":64,"column":0},"end":{"line":64,"column":32}},"64":{"start":{"line":65,"column":0},"end":{"line":65,"column":13}},"65":{"start":{"line":66,"column":0},"end":{"line":66,"column":28}},"66":{"start":{"line":67,"column":0},"end":{"line":67,"column":21}},"67":{"start":{"line":68,"column":0},"end":{"line":68,"column":47}},"68":{"start":{"line":69,"column":0},"end":{"line":69,"column":12}},"69":{"start":{"line":70,"column":0},"end":{"line":70,"column":34}},"70":{"start":{"line":71,"column":0},"end":{"line":71,"column":56}},"71":{"start":{"line":72,"column":0},"end":{"line":72,"column":8}},"72":{"start":{"line":73,"column":0},"end":{"line":73,"column":61}},"73":{"start":{"line":74,"column":0},"end":{"line":74,"column":1}},"75":{"start":{"line":76,"column":0},"end":{"line":76,"column":34}},"76":{"start":{"line":77,"column":0},"end":{"line":77,"column":13}},"77":{"start":{"line":78,"column":0},"end":{"line":78,"column":28}},"78":{"start":{"line":79,"column":0},"end":{"line":79,"column":32}},"79":{"start":{"line":80,"column":0},"end":{"line":80,"column":35}},"80":{"start":{"line":81,"column":0},"end":{"line":81,"column":21}},"81":{"start":{"line":82,"column":0},"end":{"line":82,"column":12}},"82":{"start":{"line":83,"column":0},"end":{"line":83,"column":39}},"83":{"start":{"line":84,"column":0},"end":{"line":84,"column":9}},"84":{"start":{"line":85,"column":0},"end":{"line":85,"column":13}},"85":{"start":{"line":86,"column":0},"end":{"line":86,"column":16}},"86":{"start":{"line":87,"column":0},"end":{"line":87,"column":20}},"87":{"start":{"line":88,"column":0},"end":{"line":88,"column":14}},"88":{"start":{"line":89,"column":0},"end":{"line":89,"column":4}},"89":{"start":{"line":90,"column":0},"end":{"line":90,"column":57}},"90":{"start":{"line":91,"column":0},"end":{"line":91,"column":10}},"91":{"start":{"line":92,"column":0},"end":{"line":92,"column":66}},"92":{"start":{"line":93,"column":0},"end":{"line":93,"column":27}},"93":{"start":{"line":94,"column":0},"end":{"line":94,"column":16}},"95":{"start":{"line":96,"column":0},"end":{"line":96,"column":1}}},"s":{"7":1,"9":1,"10":24,"11":24,"12":24,"13":24,"14":7,"15":7,"16":17,"17":17,"19":1,"20":2,"21":2,"23":1,"24":4,"25":4,"27":1,"28":4,"29":4,"30":4,"31":4,"32":4,"33":4,"34":4,"35":4,"36":4,"37":0,"39":4,"40":4,"41":4,"42":2,"43":2,"44":4,"45":0,"46":0,"48":4,"49":4,"51":1,"52":4,"53":4,"54":4,"55":4,"56":4,"57":4,"58":4,"59":0,"60":4,"61":4,"63":1,"64":2,"65":2,"66":2,"67":2,"68":2,"69":2,"70":2,"71":0,"72":2,"73":2,"75":1,"76":2,"77":2,"78":2,"79":2,"80":2,"81":2,"82":2,"83":2,"84":2,"85":2,"86":2,"87":2,"88":2,"89":2,"90":2,"91":2,"92":2,"93":0,"95":2},"branchMap":{"0":{"type":"branch","line":10,"loc":{"start":{"line":10,"column":7},"end":{"line":18,"column":1}},"locations":[{"start":{"line":10,"column":7},"end":{"line":18,"column":1}}]},"1":{"type":"branch","line":14,"loc":{"start":{"line":14,"column":29},"end":{"line":16,"column":3}},"locations":[{"start":{"line":14,"column":29},"end":{"line":16,"column":3}}]},"2":{"type":"branch","line":15,"loc":{"start":{"line":15,"column":16},"end":{"line":15,"column":52}},"locations":[{"start":{"line":15,"column":16},"end":{"line":15,"column":52}}]},"3":{"type":"branch","line":16,"loc":{"start":{"line":16,"column":2},"end":{"line":18,"column":1}},"locations":[{"start":{"line":16,"column":2},"end":{"line":18,"column":1}}]},"4":{"type":"branch","line":20,"loc":{"start":{"line":20,"column":7},"end":{"line":22,"column":1}},"locations":[{"start":{"line":20,"column":7},"end":{"line":22,"column":1}}]},"5":{"type":"branch","line":21,"loc":{"start":{"line":21,"column":22},"end":{"line":21,"column":41}},"locations":[{"start":{"line":21,"column":22},"end":{"line":21,"column":41}}]},"6":{"type":"branch","line":21,"loc":{"start":{"line":21,"column":33},"end":{"line":21,"column":47}},"locations":[{"start":{"line":21,"column":33},"end":{"line":21,"column":47}}]},"7":{"type":"branch","line":24,"loc":{"start":{"line":24,"column":7},"end":{"line":26,"column":1}},"locations":[{"start":{"line":24,"column":7},"end":{"line":26,"column":1}}]},"8":{"type":"branch","line":25,"loc":{"start":{"line":25,"column":17},"end":{"line":25,"column":62}},"locations":[{"start":{"line":25,"column":17},"end":{"line":25,"column":62}}]},"9":{"type":"branch","line":28,"loc":{"start":{"line":28,"column":7},"end":{"line":50,"column":1}},"locations":[{"start":{"line":28,"column":7},"end":{"line":50,"column":1}}]},"10":{"type":"branch","line":37,"loc":{"start":{"line":37,"column":55},"end":{"line":38,"column":8}},"locations":[{"start":{"line":37,"column":55},"end":{"line":38,"column":8}}]},"11":{"type":"branch","line":42,"loc":{"start":{"line":42,"column":28},"end":{"line":43,"column":23}},"locations":[{"start":{"line":42,"column":28},"end":{"line":43,"column":23}}]},"12":{"type":"branch","line":43,"loc":{"start":{"line":43,"column":19},"end":{"line":44,"column":32}},"locations":[{"start":{"line":43,"column":19},"end":{"line":44,"column":32}}]},"13":{"type":"branch","line":45,"loc":{"start":{"line":45,"column":4},"end":{"line":47,"column":3}},"locations":[{"start":{"line":45,"column":4},"end":{"line":47,"column":3}}]},"14":{"type":"branch","line":52,"loc":{"start":{"line":52,"column":7},"end":{"line":62,"column":1}},"locations":[{"start":{"line":52,"column":7},"end":{"line":62,"column":1}}]},"15":{"type":"branch","line":59,"loc":{"start":{"line":59,"column":55},"end":{"line":60,"column":8}},"locations":[{"start":{"line":59,"column":55},"end":{"line":60,"column":8}}]},"16":{"type":"branch","line":64,"loc":{"start":{"line":64,"column":7},"end":{"line":74,"column":1}},"locations":[{"start":{"line":64,"column":7},"end":{"line":74,"column":1}}]},"17":{"type":"branch","line":71,"loc":{"start":{"line":71,"column":55},"end":{"line":72,"column":8}},"locations":[{"start":{"line":71,"column":55},"end":{"line":72,"column":8}}]},"18":{"type":"branch","line":76,"loc":{"start":{"line":76,"column":7},"end":{"line":96,"column":1}},"locations":[{"start":{"line":76,"column":7},"end":{"line":96,"column":1}}]},"19":{"type":"branch","line":93,"loc":{"start":{"line":93,"column":15},"end":{"line":94,"column":16}},"locations":[{"start":{"line":93,"column":15},"end":{"line":94,"column":16}}]}},"b":{"0":[24],"1":[7],"2":[0],"3":[17],"4":[2],"5":[1],"6":[1],"7":[4],"8":[2],"9":[4],"10":[0],"11":[2],"12":[2],"13":[0],"14":[4],"15":[0],"16":[2],"17":[0],"18":[2],"19":[0]},"fnMap":{"0":{"name":"planPriceForInterval","decl":{"start":{"line":10,"column":7},"end":{"line":18,"column":1}},"loc":{"start":{"line":10,"column":7},"end":{"line":18,"column":1}},"line":10},"1":{"name":"priceSuffix","decl":{"start":{"line":20,"column":7},"end":{"line":22,"column":1}},"loc":{"start":{"line":20,"column":7},"end":{"line":22,"column":1}},"line":20},"2":{"name":"periodIsActive","decl":{"start":{"line":24,"column":7},"end":{"line":26,"column":1}},"loc":{"start":{"line":24,"column":7},"end":{"line":26,"column":1}},"line":24},"3":{"name":"quotedUpgradeAmount","decl":{"start":{"line":28,"column":7},"end":{"line":50,"column":1}},"loc":{"start":{"line":28,"column":7},"end":{"line":50,"column":1}},"line":28},"4":{"name":"isPlanUpgrade","decl":{"start":{"line":52,"column":7},"end":{"line":62,"column":1}},"loc":{"start":{"line":52,"column":7},"end":{"line":62,"column":1}},"line":52},"5":{"name":"isPlanDowngrade","decl":{"start":{"line":64,"column":7},"end":{"line":74,"column":1}},"loc":{"start":{"line":64,"column":7},"end":{"line":74,"column":1}},"line":64},"6":{"name":"isProratedUpgrade","decl":{"start":{"line":76,"column":7},"end":{"line":96,"column":1}},"loc":{"start":{"line":76,"column":7},"end":{"line":96,"column":1}},"line":76}},"f":{"0":24,"1":2,"2":4,"3":4,"4":4,"5":2,"6":2}}
}
